# JRE version: OpenJDK Runtime Environment (8.0_242-b01) (build 1.8.0_242-release-1644-b01)
# Java VM: OpenJDK 64-Bit Server VM (25.242-b01 mixed mode windows-amd64 compressed oops)
Heap:
 PSYoungGen      total 569856K, used 225675K [0x00000000d5580000, 0x0000000100000000, 0x0000000100000000)
  eden space 535040K, 35% used [0x00000000d5580000,0x00000000e0fe7b58,0x00000000f6000000)
  from space 34816K, 99% used [0x00000000f6000000,0x00000000f81fb1c8,0x00000000f8200000)
  to   space 46080K, 0% used [0x00000000fd300000,0x00000000fd300000,0x0000000100000000)
 ParOldGen       total 186368K, used 75693K [0x0000000080000000, 0x000000008b600000, 0x00000000d5580000)
  object space 186368K, 40% used [0x0000000080000000,0x00000000849eb7c8,0x000000008b600000)
 Metaspace       used 105233K, capacity 110248K, committed 111052K, reserved 1144832K
  class space    used 13695K, capacity 14701K, committed 14848K, reserved 1048576K
GC Heap History (10 events):
Event: 15.898 GC heap before
{Heap before GC invocations=13 (full 3):
 PSYoungGen      total 434176K, used 414720K [0x00000000d5580000, 0x00000000f4f80000, 0x0000000100000000)
  eden space 414720K, 100% used [0x00000000d5580000,0x00000000eea80000,0x00000000eea80000)
  from space 19456K, 0% used [0x00000000eea80000,0x00000000eea80000,0x00000000efd80000)
  to   space 23552K, 0% used [0x00000000f3880000,0x00000000f3880000,0x00000000f4f80000)
 ParOldGen       total 120832K, used 34175K [0x0000000080000000, 0x0000000087600000, 0x00000000d5580000)
  object space 120832K, 28% used [0x0000000080000000,0x000000008215fc30,0x0000000087600000)
 Metaspace       used 78680K, capacity 82726K, committed 82904K, reserved 1120256K
  class space    used 10651K, capacity 11424K, committed 11520K, reserved 1048576K
Event: 15.934 GC heap after
Heap after GC invocations=13 (full 3):
 PSYoungGen      total 487424K, used 23538K [0x00000000d5580000, 0x00000000f7d00000, 0x0000000100000000)
  eden space 463872K, 0% used [0x00000000d5580000,0x00000000d5580000,0x00000000f1a80000)
  from space 23552K, 99% used [0x00000000f3880000,0x00000000f4f7c9a8,0x00000000f4f80000)
  to   space 30720K, 0% used [0x00000000f1a80000,0x00000000f1a80000,0x00000000f3880000)
 ParOldGen       total 120832K, used 44064K [0x0000000080000000, 0x0000000087600000, 0x00000000d5580000)
  object space 120832K, 36% used [0x0000000080000000,0x0000000082b083d0,0x0000000087600000)
 Metaspace       used 78680K, capacity 82726K, committed 82904K, reserved 1120256K
  class space    used 10651K, capacity 11424K, committed 11520K, reserved 1048576K
}
Event: 2021.248 GC heap before
{Heap before GC invocations=14 (full 3):
 PSYoungGen      total 487424K, used 487410K [0x00000000d5580000, 0x00000000f7d00000, 0x0000000100000000)
  eden space 463872K, 100% used [0x00000000d5580000,0x00000000f1a80000,0x00000000f1a80000)
  from space 23552K, 99% used [0x00000000f3880000,0x00000000f4f7c9a8,0x00000000f4f80000)
  to   space 30720K, 0% used [0x00000000f1a80000,0x00000000f1a80000,0x00000000f3880000)
 ParOldGen       total 120832K, used 44064K [0x0000000080000000, 0x0000000087600000, 0x00000000d5580000)
  object space 120832K, 36% used [0x0000000080000000,0x0000000082b083d0,0x0000000087600000)
 Metaspace       used 89988K, capacity 94758K, committed 94936K, reserved 1132544K
  class space    used 11771K, capacity 12704K, committed 12800K, reserved 1048576K
Event: 2021.272 GC heap after
Heap after GC invocations=14 (full 3):
 PSYoungGen      total 494592K, used 14986K [0x00000000d5580000, 0x00000000fa400000, 0x0000000100000000)
  eden space 463872K, 0% used [0x00000000d5580000,0x00000000d5580000,0x00000000f1a80000)
  from space 30720K, 48% used [0x00000000f1a80000,0x00000000f2922900,0x00000000f3880000)
  to   space 29696K, 0% used [0x00000000f8700000,0x00000000f8700000,0x00000000fa400000)
 ParOldGen       total 120832K, used 62773K [0x0000000080000000, 0x0000000087600000, 0x00000000d5580000)
  object space 120832K, 51% used [0x0000000080000000,0x0000000083d4d748,0x0000000087600000)
 Metaspace       used 89988K, capacity 94758K, committed 94936K, reserved 1132544K
  class space    used 11771K, capacity 12704K, committed 12800K, reserved 1048576K
}
Event: 2045.836 GC heap before
{Heap before GC invocations=15 (full 3):
 PSYoungGen      total 494592K, used 234122K [0x00000000d5580000, 0x00000000fa400000, 0x0000000100000000)
  eden space 463872K, 47% used [0x00000000d5580000,0x00000000e2b7ff38,0x00000000f1a80000)
  from space 30720K, 48% used [0x00000000f1a80000,0x00000000f2922900,0x00000000f3880000)
  to   space 29696K, 0% used [0x00000000f8700000,0x00000000f8700000,0x00000000fa400000)
 ParOldGen       total 120832K, used 62773K [0x0000000080000000, 0x0000000087600000, 0x00000000d5580000)
  object space 120832K, 51% used [0x0000000080000000,0x0000000083d4d748,0x0000000087600000)
 Metaspace       used 93178K, capacity 98314K, committed 98380K, reserved 1134592K
  class space    used 12144K, capacity 13154K, committed 13184K, reserved 1048576K
Event: 2045.864 GC heap after
Heap after GC invocations=15 (full 3):
 PSYoungGen      total 560640K, used 29676K [0x00000000d5580000, 0x00000000fa400000, 0x0000000100000000)
  eden space 530944K, 0% used [0x00000000d5580000,0x00000000d5580000,0x00000000f5c00000)
  from space 29696K, 99% used [0x00000000f8700000,0x00000000fa3fb3f8,0x00000000fa400000)
  to   space 34816K, 0% used [0x00000000f6000000,0x00000000f6000000,0x00000000f8200000)
 ParOldGen       total 120832K, used 63894K [0x0000000080000000, 0x0000000087600000, 0x00000000d5580000)
  object space 120832K, 52% used [0x0000000080000000,0x0000000083e65b60,0x0000000087600000)
 Metaspace       used 93178K, capacity 98314K, committed 98380K, reserved 1134592K
  class space    used 12144K, capacity 13154K, committed 13184K, reserved 1048576K
}
Event: 2045.864 GC heap before
{Heap before GC invocations=16 (full 4):
 PSYoungGen      total 560640K, used 29676K [0x00000000d5580000, 0x00000000fa400000, 0x0000000100000000)
  eden space 530944K, 0% used [0x00000000d5580000,0x00000000d5580000,0x00000000f5c00000)
  from space 29696K, 99% used [0x00000000f8700000,0x00000000fa3fb3f8,0x00000000fa400000)
  to   space 34816K, 0% used [0x00000000f6000000,0x00000000f6000000,0x00000000f8200000)
 ParOldGen       total 120832K, used 63894K [0x0000000080000000, 0x0000000087600000, 0x00000000d5580000)
  object space 120832K, 52% used [0x0000000080000000,0x0000000083e65b60,0x0000000087600000)
 Metaspace       used 93178K, capacity 98314K, committed 98380K, reserved 1134592K
  class space    used 12144K, capacity 13154K, committed 13184K, reserved 1048576K
Event: 2046.028 GC heap after
Heap after GC invocations=16 (full 4):
 PSYoungGen      total 560640K, used 0K [0x00000000d5580000, 0x00000000fa400000, 0x0000000100000000)
  eden space 530944K, 0% used [0x00000000d5580000,0x00000000d5580000,0x00000000f5c00000)
  from space 29696K, 0% used [0x00000000f8700000,0x00000000f8700000,0x00000000fa400000)
  to   space 34816K, 0% used [0x00000000f6000000,0x00000000f6000000,0x00000000f8200000)
 ParOldGen       total 186368K, used 59732K [0x0000000080000000, 0x000000008b600000, 0x00000000d5580000)
  object space 186368K, 32% used [0x0000000080000000,0x0000000083a55248,0x000000008b600000)
 Metaspace       used 92101K, capacity 96100K, committed 98380K, reserved 1134592K
  class space    used 11895K, capacity 12713K, committed 13184K, reserved 1048576K
}
Event: 2051.998 GC heap before
{Heap before GC invocations=17 (full 4):
 PSYoungGen      total 560640K, used 530944K [0x00000000d5580000, 0x00000000fa400000, 0x0000000100000000)
  eden space 530944K, 100% used [0x00000000d5580000,0x00000000f5c00000,0x00000000f5c00000)
  from space 29696K, 0% used [0x00000000f8700000,0x00000000f8700000,0x00000000fa400000)
  to   space 34816K, 0% used [0x00000000f6000000,0x00000000f6000000,0x00000000f8200000)
 ParOldGen       total 186368K, used 59732K [0x0000000080000000, 0x000000008b600000, 0x00000000d5580000)
  object space 186368K, 32% used [0x0000000080000000,0x0000000083a55248,0x000000008b600000)
 Metaspace       used 102152K, capacity 106804K, committed 108108K, reserved 1142784K
  class space    used 13240K, capacity 14191K, committed 14464K, reserved 1048576K
Event: 2052.206 GC heap after
Heap after GC invocations=17 (full 4):
 PSYoungGen      total 569856K, used 34796K [0x00000000d5580000, 0x0000000100000000, 0x0000000100000000)
  eden space 535040K, 0% used [0x00000000d5580000,0x00000000d5580000,0x00000000f6000000)
  from space 34816K, 99% used [0x00000000f6000000,0x00000000f81fb1c8,0x00000000f8200000)
  to   space 46080K, 0% used [0x00000000fd300000,0x00000000fd300000,0x0000000100000000)
 ParOldGen       total 186368K, used 75693K [0x0000000080000000, 0x000000008b600000, 0x00000000d5580000)
  object space 186368K, 40% used [0x0000000080000000,0x00000000849eb7c8,0x000000008b600000)
 Metaspace       used 102152K, capacity 106804K, committed 108108K, reserved 1142784K
  class space    used 13240K, capacity 14191K, committed 14464K, reserved 1048576K
}

