# JRE version: OpenJDK Runtime Environment (8.0_242-b01) (build 1.8.0_242-release-1644-b01)
# Java VM: OpenJDK 64-Bit Server VM (25.242-b01 mixed mode windows-amd64 compressed oops)
Heap:
 PSYoungGen      total 636928K, used 251619K [0x00000000d5580000, 0x0000000100000000, 0x0000000100000000)
  eden space 581120K, 36% used [0x00000000d5580000,0x00000000e2740a70,0x00000000f8d00000)
  from space 55808K, 65% used [0x00000000f8d00000,0x00000000fb0f8450,0x00000000fc380000)
  to   space 56832K, 0% used [0x00000000fc880000,0x00000000fc880000,0x0000000100000000)
 ParOldGen       total 228864K, used 116639K [0x0000000080000000, 0x000000008df80000, 0x00000000d5580000)
  object space 228864K, 50% used [0x0000000080000000,0x00000000871e7d80,0x000000008df80000)
 Metaspace       used 94649K, capacity 99680K, committed 101272K, reserved 1136640K
  class space    used 12422K, capacity 13342K, committed 14000K, reserved 1048576K
GC Heap History (10 events):
Event: 16.445 GC heap before
{Heap before GC invocations=23 (full 4):
 PSYoungGen      total 637952K, used 624317K [0x00000000d5580000, 0x0000000100000000, 0x0000000100000000)
  eden space 584192K, 100% used [0x00000000d5580000,0x00000000f9000000,0x00000000f9000000)
  from space 53760K, 74% used [0x00000000fcb80000,0x00000000ff2af4e8,0x0000000100000000)
  to   space 57344K, 0% used [0x00000000f9000000,0x00000000f9000000,0x00000000fc800000)
 ParOldGen       total 228864K, used 103546K [0x0000000080000000, 0x000000008df80000, 0x00000000d5580000)
  object space 228864K, 45% used [0x0000000080000000,0x000000008651e8e0,0x000000008df80000)
 Metaspace       used 80143K, capacity 84492K, committed 87576K, reserved 1124352K
  class space    used 10942K, capacity 11739K, committed 12592K, reserved 1048576K
Event: 16.481 GC heap after
Heap after GC invocations=23 (full 4):
 PSYoungGen      total 623616K, used 39072K [0x00000000d5580000, 0x0000000100000000, 0x0000000100000000)
  eden space 584192K, 0% used [0x00000000d5580000,0x00000000d5580000,0x00000000f9000000)
  from space 39424K, 99% used [0x00000000f9000000,0x00000000fb6281f8,0x00000000fb680000)
  to   space 59392K, 0% used [0x00000000fc600000,0x00000000fc600000,0x0000000100000000)
 ParOldGen       total 228864K, used 107806K [0x0000000080000000, 0x000000008df80000, 0x00000000d5580000)
  object space 228864K, 47% used [0x0000000080000000,0x0000000086947b88,0x000000008df80000)
 Metaspace       used 80143K, capacity 84492K, committed 87576K, reserved 1124352K
  class space    used 10942K, capacity 11739K, committed 12592K, reserved 1048576K
}
Event: 17.784 GC heap before
{Heap before GC invocations=24 (full 4):
 PSYoungGen      total 623616K, used 623264K [0x00000000d5580000, 0x0000000100000000, 0x0000000100000000)
  eden space 584192K, 100% used [0x00000000d5580000,0x00000000f9000000,0x00000000f9000000)
  from space 39424K, 99% used [0x00000000f9000000,0x00000000fb6281f8,0x00000000fb680000)
  to   space 59392K, 0% used [0x00000000fc600000,0x00000000fc600000,0x0000000100000000)
 ParOldGen       total 228864K, used 107806K [0x0000000080000000, 0x000000008df80000, 0x00000000d5580000)
  object space 228864K, 47% used [0x0000000080000000,0x0000000086947b88,0x000000008df80000)
 Metaspace       used 80220K, capacity 84568K, committed 87576K, reserved 1124352K
  class space    used 10942K, capacity 11739K, committed 12592K, reserved 1048576K
Event: 17.827 GC heap after
Heap after GC invocations=24 (full 4):
 PSYoungGen      total 637440K, used 37399K [0x00000000d5580000, 0x0000000100000000, 0x0000000100000000)
  eden space 578048K, 0% used [0x00000000d5580000,0x00000000d5580000,0x00000000f8a00000)
  from space 59392K, 62% used [0x00000000fc600000,0x00000000fea85e00,0x0000000100000000)
  to   space 60416K, 0% used [0x00000000f8a00000,0x00000000f8a00000,0x00000000fc500000)
 ParOldGen       total 228864K, used 111913K [0x0000000080000000, 0x000000008df80000, 0x00000000d5580000)
  object space 228864K, 48% used [0x0000000080000000,0x0000000086d4a4c8,0x000000008df80000)
 Metaspace       used 80220K, capacity 84568K, committed 87576K, reserved 1124352K
  class space    used 10942K, capacity 11739K, committed 12592K, reserved 1048576K
}
Event: 19.928 GC heap before
{Heap before GC invocations=25 (full 4):
 PSYoungGen      total 637440K, used 615447K [0x00000000d5580000, 0x0000000100000000, 0x0000000100000000)
  eden space 578048K, 100% used [0x00000000d5580000,0x00000000f8a00000,0x00000000f8a00000)
  from space 59392K, 62% used [0x00000000fc600000,0x00000000fea85e00,0x0000000100000000)
  to   space 60416K, 0% used [0x00000000f8a00000,0x00000000f8a00000,0x00000000fc500000)
 ParOldGen       total 228864K, used 111913K [0x0000000080000000, 0x000000008df80000, 0x00000000d5580000)
  object space 228864K, 48% used [0x0000000080000000,0x0000000086d4a4c8,0x000000008df80000)
 Metaspace       used 80285K, capacity 84646K, committed 87576K, reserved 1124352K
  class space    used 10943K, capacity 11740K, committed 12592K, reserved 1048576K
Event: 19.954 GC heap after
Heap after GC invocations=25 (full 4):
 PSYoungGen      total 599552K, used 21367K [0x00000000d5580000, 0x00000000ffc00000, 0x0000000100000000)
  eden space 578048K, 0% used [0x00000000d5580000,0x00000000d5580000,0x00000000f8a00000)
  from space 21504K, 99% used [0x00000000f8a00000,0x00000000f9eddc48,0x00000000f9f00000)
  to   space 57856K, 0% used [0x00000000fc380000,0x00000000fc380000,0x00000000ffc00000)
 ParOldGen       total 228864K, used 116623K [0x0000000080000000, 0x000000008df80000, 0x00000000d5580000)
  object space 228864K, 50% used [0x0000000080000000,0x00000000871e3d80,0x000000008df80000)
 Metaspace       used 80285K, capacity 84646K, committed 87576K, reserved 1124352K
  class space    used 10943K, capacity 11740K, committed 12592K, reserved 1048576K
}
Event: 26.580 GC heap before
{Heap before GC invocations=26 (full 4):
 PSYoungGen      total 599552K, used 599415K [0x00000000d5580000, 0x00000000ffc00000, 0x0000000100000000)
  eden space 578048K, 100% used [0x00000000d5580000,0x00000000f8a00000,0x00000000f8a00000)
  from space 21504K, 99% used [0x00000000f8a00000,0x00000000f9eddc48,0x00000000f9f00000)
  to   space 57856K, 0% used [0x00000000fc380000,0x00000000fc380000,0x00000000ffc00000)
 ParOldGen       total 228864K, used 116623K [0x0000000080000000, 0x000000008df80000, 0x00000000d5580000)
  object space 228864K, 50% used [0x0000000080000000,0x00000000871e3d80,0x000000008df80000)
 Metaspace       used 83195K, capacity 87644K, committed 90392K, reserved 1126400K
  class space    used 11198K, capacity 12029K, committed 12848K, reserved 1048576K
Event: 26.600 GC heap after
Heap after GC invocations=26 (full 4):
 PSYoungGen      total 638976K, used 21051K [0x00000000d5580000, 0x0000000100000000, 0x0000000100000000)
  eden space 581120K, 0% used [0x00000000d5580000,0x00000000d5580000,0x00000000f8d00000)
  from space 57856K, 36% used [0x00000000fc380000,0x00000000fd80edd8,0x00000000ffc00000)
  to   space 55808K, 0% used [0x00000000f8d00000,0x00000000f8d00000,0x00000000fc380000)
 ParOldGen       total 228864K, used 116631K [0x0000000080000000, 0x000000008df80000, 0x00000000d5580000)
  object space 228864K, 50% used [0x0000000080000000,0x00000000871e5d80,0x000000008df80000)
 Metaspace       used 83195K, capacity 87644K, committed 90392K, reserved 1126400K
  class space    used 11198K, capacity 12029K, committed 12848K, reserved 1048576K
}
Event: 40.674 GC heap before
{Heap before GC invocations=27 (full 4):
 PSYoungGen      total 638976K, used 602171K [0x00000000d5580000, 0x0000000100000000, 0x0000000100000000)
  eden space 581120K, 100% used [0x00000000d5580000,0x00000000f8d00000,0x00000000f8d00000)
  from space 57856K, 36% used [0x00000000fc380000,0x00000000fd80edd8,0x00000000ffc00000)
  to   space 55808K, 0% used [0x00000000f8d00000,0x00000000f8d00000,0x00000000fc380000)
 ParOldGen       total 228864K, used 116631K [0x0000000080000000, 0x000000008df80000, 0x00000000d5580000)
  object space 228864K, 50% used [0x0000000080000000,0x00000000871e5d80,0x000000008df80000)
 Metaspace       used 93723K, capacity 98606K, committed 100376K, reserved 1136640K
  class space    used 12361K, capacity 13269K, committed 13872K, reserved 1048576K
Event: 40.711 GC heap after
Heap after GC invocations=27 (full 4):
 PSYoungGen      total 636928K, used 36833K [0x00000000d5580000, 0x0000000100000000, 0x0000000100000000)
  eden space 581120K, 0% used [0x00000000d5580000,0x00000000d5580000,0x00000000f8d00000)
  from space 55808K, 65% used [0x00000000f8d00000,0x00000000fb0f8450,0x00000000fc380000)
  to   space 56832K, 0% used [0x00000000fc880000,0x00000000fc880000,0x0000000100000000)
 ParOldGen       total 228864K, used 116639K [0x0000000080000000, 0x000000008df80000, 0x00000000d5580000)
  object space 228864K, 50% used [0x0000000080000000,0x00000000871e7d80,0x000000008df80000)
 Metaspace       used 93723K, capacity 98606K, committed 100376K, reserved 1136640K
  class space    used 12361K, capacity 13269K, committed 13872K, reserved 1048576K
}

